2024-05-14 22:23:57 - LOG - data_ingetion - INFO : The current directory for data Ingetion is C:\Users\abhishdutta\Desktop\PRD Projects\IBM WatsonX\Generalized Model Development
2024-05-14 22:23:57 - LOG - data_ingetion - INFO : Initiating data ingetion process...
2024-05-14 22:23:57 - LOG - data_ingetion - INFO : Raw data saved at C:\Users\abhishdutta\Desktop\PRD Projects\IBM WatsonX\Generalized Model Development\artifacts\raw.csv
2024-05-14 22:23:57 - LOG - data_ingetion - INFO : Data ingetion process completed...
2024-05-14 22:23:57 - LOG - data_ingetion - INFO : Train data shape: (36467, 21)
2024-05-14 22:23:57 - LOG - data_ingetion - INFO : Test data shape: (9117, 21)
2024-05-14 22:23:58 - LOG - data_ingetion - INFO : Train data saved at C:\Users\abhishdutta\Desktop\PRD Projects\IBM WatsonX\Generalized Model Development\artifacts\train.csv
2024-05-14 22:23:58 - LOG - data_ingetion - INFO : Test data saved at C:\Users\abhishdutta\Desktop\PRD Projects\IBM WatsonX\Generalized Model Development\artifacts\test.csv
2024-05-14 22:23:58 - LOG - data_ingetion - INFO : Data Ingetion process completed...
2024-05-15 01:30:38 - LOG - data_ingetion - INFO : Initiating data ingetion process...
2024-05-15 01:30:38 - LOG - data_ingetion - INFO : Raw data saved at C:\Users\abhishdutta\Desktop\PRD Projects\IBM WatsonX\Generalized Model Development\artifacts\raw.csv
2024-05-15 01:30:38 - LOG - data_ingetion - INFO : Data ingetion process completed...
2024-05-15 01:30:38 - LOG - data_ingetion - INFO : Train data shape: (952, 12)
2024-05-15 01:30:38 - LOG - data_ingetion - INFO : Test data shape: (238, 12)
2024-05-15 01:30:38 - LOG - data_ingetion - INFO : Train data saved at C:\Users\abhishdutta\Desktop\PRD Projects\IBM WatsonX\Generalized Model Development\artifacts\train.csv
2024-05-15 01:30:38 - LOG - data_ingetion - INFO : Test data saved at C:\Users\abhishdutta\Desktop\PRD Projects\IBM WatsonX\Generalized Model Development\artifacts\test.csv
2024-05-15 01:30:38 - LOG - data_ingetion - INFO : Data Ingetion process completed...
2024-05-15 01:52:33 - LOG - data_ingetion - INFO : Initiating data ingetion process...
2024-05-15 01:52:33 - LOG - data_ingetion - INFO : Raw data saved at C:\Users\abhishdutta\Desktop\PRD Projects\IBM WatsonX\Generalized Model Development\artifacts\raw.csv
2024-05-15 01:52:33 - LOG - data_ingetion - INFO : Data ingetion process completed...
2024-05-15 01:52:33 - LOG - data_ingetion - INFO : Train data shape: (952, 12)
2024-05-15 01:52:33 - LOG - data_ingetion - INFO : Test data shape: (238, 12)
2024-05-15 01:52:33 - LOG - data_ingetion - INFO : Train data saved at C:\Users\abhishdutta\Desktop\PRD Projects\IBM WatsonX\Generalized Model Development\artifacts\train.csv
2024-05-15 01:52:33 - LOG - data_ingetion - INFO : Test data saved at C:\Users\abhishdutta\Desktop\PRD Projects\IBM WatsonX\Generalized Model Development\artifacts\test.csv
2024-05-15 01:52:33 - LOG - data_ingetion - INFO : Data Ingetion process completed...
2024-05-15 02:39:04 - LOG - data_ingetion - INFO : Initiating data ingetion process...
2024-05-15 02:39:04 - LOG - data_ingetion - INFO : Raw data saved at C:\Users\abhishdutta\Desktop\PRD Projects\IBM WatsonX\Generalized Model Development\artifacts\raw.csv
2024-05-15 02:39:04 - LOG - data_ingetion - INFO : Data ingetion process completed...
2024-05-15 02:39:04 - LOG - data_ingetion - INFO : Train data shape: (952, 12)
2024-05-15 02:39:04 - LOG - data_ingetion - INFO : Test data shape: (238, 12)
2024-05-15 02:39:04 - LOG - data_ingetion - INFO : Train data saved at C:\Users\abhishdutta\Desktop\PRD Projects\IBM WatsonX\Generalized Model Development\artifacts\train.csv
2024-05-15 02:39:04 - LOG - data_ingetion - INFO : Test data saved at C:\Users\abhishdutta\Desktop\PRD Projects\IBM WatsonX\Generalized Model Development\artifacts\test.csv
2024-05-15 02:39:04 - LOG - data_ingetion - INFO : Data Ingetion process completed...
