2024-05-08 18:46:59 - LOG - data_ingetion - INFO : The current directory for data Ingetion is C:\Users\abhishdutta\Desktop\PRD Projects\IBM WatsonX\Generalized Model Development
2024-05-08 18:46:59 - LOG - data_ingetion - INFO : Initiating data ingetion process...
2024-05-08 18:47:00 - LOG - data_ingetion - INFO : Raw data saved at C:\Users\abhishdutta\Desktop\PRD Projects\IBM WatsonX\Generalized Model Development\artifacts\raw.csv
2024-05-08 18:47:00 - LOG - data_ingetion - INFO : Data ingetion process completed...
2024-05-08 18:47:00 - LOG - data_ingetion - INFO : Train data shape: (36467, 21)
2024-05-08 18:47:00 - LOG - data_ingetion - INFO : Test data shape: (9117, 21)
2024-05-08 18:47:00 - LOG - data_ingetion - INFO : Train data saved at C:\Users\abhishdutta\Desktop\PRD Projects\IBM WatsonX\Generalized Model Development\artifacts\train.csv
2024-05-08 18:47:01 - LOG - data_ingetion - INFO : Test data saved at C:\Users\abhishdutta\Desktop\PRD Projects\IBM WatsonX\Generalized Model Development\artifacts\test.csv
2024-05-08 18:47:01 - LOG - data_ingetion - INFO : Data Ingetion process completed...
2024-05-08 18:47:01 - LOG - data_transformation - INFO : Initiating data transformation process...
2024-05-08 18:47:01 - LOG - data_transformation - INFO : Data loaded successfully
2024-05-08 18:47:01 - LOG - data_transformation - INFO : Features excluded successfully
2024-05-08 18:47:01 - LOG - data_transformation - INFO : Number columns identified successfully
2024-05-08 18:47:01 - LOG - data_transformation - INFO : Outliers removed!!!
2024-05-08 18:47:01 - LOG - data_transformation - INFO : Outliers removed!!!
2024-05-08 18:47:01 - LOG - data_transformation - INFO : Replaced Null with mean for input numerical variables
2024-05-08 18:47:01 - LOG - data_transformation - INFO : Replaced Null with mean for Target Variable
2024-05-08 18:47:01 - LOG - utils - INFO : ordinal_onehot_numerical_divide done!!!
2024-05-08 18:47:01 - LOG - data_transformation - INFO : Categorical columns (one hot, ordinal mapping)  and numerical columns divided successfully
2024-05-08 18:47:02 - LOG - data_transformation - INFO : Empty values filled with mode successfully
2024-05-08 18:47:02 - LOG - data_transformation - INFO : Empty values filled with mode successfully
2024-05-08 18:47:02 - LOG - data_transformation - INFO : Categories created successfully!!!
2024-05-08 18:47:02 - LOG - data_transformation - INFO : Pipeline methods creation ends!!!
2024-05-08 18:47:02 - LOG - data_transformation - INFO : Input and target feature segregated successfully!!!
2024-05-08 18:47:02 - LOG - data_transformation - INFO : [[-0.57666859 -0.57474749 -0.57518129 ...  1.7729969  -0.01678305
   0.71748567]
 [-0.57666859 -0.57474749  1.73858229 ...  0.41125197 -1.24674815
   0.71748567]
 [ 1.73409826 -0.57474749 -0.57518129 ... -1.39883705 -1.24674815
  -1.39375606]
 ...
 [-0.57666859  1.73989452 -0.57518129 ... -1.41072414  1.21318204
   0.71748567]
 [-0.57666859 -0.57474749  1.73858229 ... -0.96761346 -1.24674815
  -1.39375606]
 [ 1.73409826 -0.57474749 -0.57518129 ... -1.36922066 -1.24674815
   0.71748567]]
2024-05-08 18:47:02 - LOG - data_transformation - INFO : Preprocessing done successfully!!!
2024-05-08 18:47:02 - LOG - data_transformation - INFO : Data transformation done successfully!!!
2024-05-08 18:47:02 - LOG - data_transformation - INFO : ordinal_columns_mapping.json created successfully!!!
2024-05-08 18:47:02 - LOG - data_transformation - INFO : The file is saved to: C:\Users\abhishdutta\Desktop\PRD Projects\IBM WatsonX\Generalized Model Development\artifacts\zomato_preprocessor_obj.pkl
2024-05-08 18:47:02 - LOG - utils - INFO : Object saved successfully
2024-05-08 18:47:02 - LOG - data_transformation - INFO : Saved the Pickle file preprocessing object
2024-05-08 18:47:02 - LOG - model_trainer_regression - INFO : Initiating model training process...
2024-05-08 18:47:02 - LOG - model_trainer_regression - INFO : ######### C:\Users\abhishdutta\Desktop\PRD Projects\IBM WatsonX\Generalized Model Development\models_regression.json
2024-05-08 18:47:02 - LOG - model_trainer_regression - INFO : The models are:
2024-05-08 18:47:14 - LOG - utils - INFO : 
====================================================================================

2024-05-08 18:47:14 - LOG - utils - INFO : The R-squared and RMSE for the model: Lasso are:
2024-05-08 18:47:14 - LOG - utils - INFO : R-squared: 0.45618865899265026
2024-05-08 18:47:14 - LOG - utils - INFO : 
====================================================================================

2024-05-08 18:47:14 - LOG - utils - INFO : 
====================================================================================

2024-05-08 18:47:14 - LOG - utils - INFO : The best parameters for the model Lasso are {'alpha': 0.2}
2024-05-08 18:47:14 - LOG - utils - INFO : 
====================================================================================

2024-05-08 18:47:14 - LOG - utils - INFO : Model: Lasso, R-squared: 0.45618865899265026
2024-05-08 18:47:15 - LOG - utils - INFO : 
====================================================================================

2024-05-08 18:47:15 - LOG - utils - INFO : The R-squared and RMSE for the model: Ridge are:
2024-05-08 18:47:15 - LOG - utils - INFO : R-squared: 0.4998421188704605
2024-05-08 18:47:15 - LOG - utils - INFO : 
====================================================================================

2024-05-08 18:47:15 - LOG - utils - INFO : 
====================================================================================

2024-05-08 18:47:15 - LOG - utils - INFO : The best parameters for the model Ridge are {'alpha': 0.2}
2024-05-08 18:47:15 - LOG - utils - INFO : 
====================================================================================

2024-05-08 18:47:15 - LOG - utils - INFO : Model: Ridge, R-squared: 0.4998421188704605
2024-05-08 18:47:32 - LOG - utils - INFO : 
====================================================================================

2024-05-08 18:47:32 - LOG - utils - INFO : The R-squared and RMSE for the model: Elasticnet are:
2024-05-08 18:47:32 - LOG - utils - INFO : R-squared: 0.4232169535164966
2024-05-08 18:47:32 - LOG - utils - INFO : 
====================================================================================

2024-05-08 18:47:32 - LOG - utils - INFO : 
====================================================================================

2024-05-08 18:47:32 - LOG - utils - INFO : The best parameters for the model Elasticnet are {'l1_ratio': 0.6, 'alpha': 0.6}
2024-05-08 18:47:32 - LOG - utils - INFO : 
====================================================================================

2024-05-08 18:47:32 - LOG - utils - INFO : Model: Elasticnet, R-squared: 0.4232169535164966
2024-05-08 18:59:37 - LOG - utils - INFO : 
====================================================================================

2024-05-08 18:59:37 - LOG - utils - INFO : The R-squared and RMSE for the model: SVR are:
2024-05-08 18:59:37 - LOG - utils - INFO : R-squared: 0.5341907136351611
2024-05-08 18:59:37 - LOG - utils - INFO : 
====================================================================================

2024-05-08 18:59:37 - LOG - utils - INFO : 
====================================================================================

2024-05-08 18:59:37 - LOG - utils - INFO : The best parameters for the model SVR are {'kernel': 'rbf'}
2024-05-08 18:59:37 - LOG - utils - INFO : 
====================================================================================

2024-05-08 18:59:37 - LOG - utils - INFO : Model: SVR, R-squared: 0.5341907136351611
2024-05-08 18:59:42 - LOG - utils - INFO : 
====================================================================================

2024-05-08 18:59:42 - LOG - utils - INFO : The R-squared and RMSE for the model: DecisionTree are:
2024-05-08 18:59:42 - LOG - utils - INFO : R-squared: 0.6383346809255036
2024-05-08 18:59:42 - LOG - utils - INFO : 
====================================================================================

2024-05-08 18:59:42 - LOG - utils - INFO : 
====================================================================================

2024-05-08 18:59:42 - LOG - utils - INFO : The best parameters for the model DecisionTree are {'min_samples_split': 3, 'min_samples_leaf': 3, 'max_depth': 8}
2024-05-08 18:59:42 - LOG - utils - INFO : 
====================================================================================

2024-05-08 18:59:42 - LOG - utils - INFO : Model: DecisionTree, R-squared: 0.6383346809255036
2024-05-08 19:09:14 - LOG - utils - INFO : 
====================================================================================

2024-05-08 19:09:14 - LOG - utils - INFO : The R-squared and RMSE for the model: RandomForest are:
2024-05-08 19:09:14 - LOG - utils - INFO : R-squared: 0.6907116101492043
2024-05-08 19:09:14 - LOG - utils - INFO : 
====================================================================================

2024-05-08 19:09:14 - LOG - utils - INFO : 
====================================================================================

2024-05-08 19:09:14 - LOG - utils - INFO : The best parameters for the model RandomForest are {'n_estimators': 200, 'min_samples_split': 12, 'min_samples_leaf': 3, 'max_depth': 15}
2024-05-08 19:09:14 - LOG - utils - INFO : 
====================================================================================

2024-05-08 19:09:14 - LOG - utils - INFO : Model: RandomForest, R-squared: 0.6907116101492043
2024-05-08 19:13:30 - LOG - utils - INFO : 
====================================================================================

2024-05-08 19:13:30 - LOG - utils - INFO : The R-squared and RMSE for the model: GradientBoostingRegressor are:
2024-05-08 19:13:30 - LOG - utils - INFO : R-squared: 0.7317595717870073
2024-05-08 19:13:30 - LOG - utils - INFO : 
====================================================================================

2024-05-08 19:13:30 - LOG - utils - INFO : 
====================================================================================

2024-05-08 19:13:30 - LOG - utils - INFO : The best parameters for the model GradientBoostingRegressor are {'subsample': 0.9, 'n_estimators': 200, 'min_samples_split': 3, 'min_samples_leaf': 2, 'max_features': None, 'max_depth': 5, 'learning_rate': 0.1}
2024-05-08 19:13:30 - LOG - utils - INFO : 
====================================================================================

2024-05-08 19:13:30 - LOG - utils - INFO : Model: GradientBoostingRegressor, R-squared: 0.7317595717870073
2024-05-08 19:17:38 - LOG - utils - INFO : 
====================================================================================

2024-05-08 19:17:38 - LOG - utils - INFO : The R-squared and RMSE for the model: BaggingRegressor are:
2024-05-08 19:17:38 - LOG - utils - INFO : R-squared: 0.6377793233419498
2024-05-08 19:17:38 - LOG - utils - INFO : 
====================================================================================

2024-05-08 19:17:38 - LOG - utils - INFO : 
====================================================================================

2024-05-08 19:17:38 - LOG - utils - INFO : The best parameters for the model BaggingRegressor are {'n_estimators': 50, 'max_samples': 1.0, 'max_features': 0.7, 'bootstrap_features': False, 'bootstrap': True}
2024-05-08 19:17:38 - LOG - utils - INFO : 
====================================================================================

2024-05-08 19:17:38 - LOG - utils - INFO : Model: BaggingRegressor, R-squared: 0.6377793233419498
2024-05-08 19:17:38 - LOG - utils - INFO : Model evaluation complete
2024-05-08 19:17:38 - LOG - model_trainer_regression - INFO : 
====================================================================================

2024-05-08 19:17:38 - LOG - model_trainer_regression - INFO : Model Report : {'Lasso': {'score': 0.45618865899265026, 'best_params': {'alpha': 0.2}}, 'Ridge': {'score': 0.4998421188704605, 'best_params': {'alpha': 0.2}}, 'Elasticnet': {'score': 0.4232169535164966, 'best_params': {'l1_ratio': 0.6, 'alpha': 0.6}}, 'SVR': {'score': 0.5341907136351611, 'best_params': {'kernel': 'rbf'}}, 'DecisionTree': {'score': 0.6383346809255036, 'best_params': {'min_samples_split': 3, 'min_samples_leaf': 3, 'max_depth': 8}}, 'RandomForest': {'score': 0.6907116101492043, 'best_params': {'n_estimators': 200, 'min_samples_split': 12, 'min_samples_leaf': 3, 'max_depth': 15}}, 'GradientBoostingRegressor': {'score': 0.7317595717870073, 'best_params': {'subsample': 0.9, 'n_estimators': 200, 'min_samples_split': 3, 'min_samples_leaf': 2, 'max_features': None, 'max_depth': 5, 'learning_rate': 0.1}}, 'BaggingRegressor': {'score': 0.6377793233419498, 'best_params': {'n_estimators': 50, 'max_samples': 1.0, 'max_features': 0.7, 'bootstrap_features': False, 'bootstrap': True}}}
2024-05-08 19:17:38 - LOG - model_trainer_regression - INFO : 
====================================================================================

2024-05-08 19:17:57 - LOG - model_trainer_regression - INFO : Model Name is:GradientBoostingRegressor and the best parameters are:{'subsample': 0.9, 'n_estimators': 200, 'min_samples_split': 3, 'min_samples_leaf': 2, 'max_features': None, 'max_depth': 5, 'learning_rate': 0.1}, with score 0.7317595717870073
2024-05-08 19:17:57 - LOG - utils - INFO : Object saved successfully
