2024-05-15 13:12:28 - LOG - data_ingetion - INFO : The current directory for data Ingetion is C:\Users\abhishdutta\Desktop\PRD Projects\IBM WatsonX\Generalized Model Development
2024-05-15 13:12:28 - LOG - data_ingetion - INFO : Initiating data ingetion process...
2024-05-15 13:12:28 - LOG - data_ingetion - INFO : Raw data saved at C:\Users\abhishdutta\Desktop\PRD Projects\IBM WatsonX\Generalized Model Development\artifacts\raw.csv
2024-05-15 13:12:28 - LOG - data_ingetion - INFO : Data ingetion process completed...
2024-05-15 13:12:28 - LOG - data_ingetion - INFO : Train data shape: (2444, 100)
2024-05-15 13:12:28 - LOG - data_ingetion - INFO : Test data shape: (612, 100)
2024-05-15 13:12:28 - LOG - data_ingetion - INFO : Train data saved at C:\Users\abhishdutta\Desktop\PRD Projects\IBM WatsonX\Generalized Model Development\artifacts\train.csv
2024-05-15 13:12:28 - LOG - data_ingetion - INFO : Test data saved at C:\Users\abhishdutta\Desktop\PRD Projects\IBM WatsonX\Generalized Model Development\artifacts\test.csv
2024-05-15 13:12:28 - LOG - data_ingetion - INFO : Data Ingetion process completed...
2024-05-15 13:12:57 - LOG - data_transformation - INFO : Initiating data transformation process...
2024-05-15 13:12:57 - LOG - data_transformation - INFO : Data loaded successfully
2024-05-15 13:12:57 - LOG - data_transformation - INFO : Features excluded successfully
2024-05-15 13:12:57 - LOG - data_transformation - INFO : Number columns identified successfully
2024-05-15 13:12:57 - LOG - data_transformation - INFO : Outliers removed!!!
2024-05-15 13:12:57 - LOG - data_transformation - INFO : Outliers removed!!!
2024-05-15 13:12:57 - LOG - data_transformation - INFO : Replaced Null with mean for input numerical variables
2024-05-15 13:12:57 - LOG - data_transformation - INFO : Replaced Null with mean for Target Variable
2024-05-15 13:12:57 - LOG - utils - INFO : ordinal_onehot_numerical_divide done!!!
2024-05-15 13:12:57 - LOG - data_transformation - INFO : Categorical columns (one hot, ordinal mapping)  and numerical columns divided successfully
2024-05-15 13:12:57 - LOG - data_transformation - INFO : Empty values filled with mode successfully
2024-05-15 13:12:57 - LOG - data_transformation - INFO : Empty values filled with mode successfully
2024-05-15 13:12:57 - LOG - data_transformation - INFO : Categories created successfully!!!
2024-05-15 13:12:57 - LOG - data_transformation - ERROR : Error in get_data_transformation_object
2024-05-15 13:12:57 - LOG - data_transformation - ERROR : Error occured while initiating the data transformation process: Error occured in python script name [c:\users\abhishdutta\desktop\prd projects\ibm watsonx\generalized model development\src\components\data_transformation.py] line number [51] error message [__init__() got an unexpected keyword argument 'sparse']
2024-05-15 13:16:43 - LOG - data_transformation - INFO : Initiating data transformation process...
2024-05-15 13:16:44 - LOG - data_transformation - INFO : Data loaded successfully
2024-05-15 13:16:44 - LOG - data_transformation - INFO : Features excluded successfully
2024-05-15 13:16:44 - LOG - data_transformation - INFO : Number columns identified successfully
2024-05-15 13:16:44 - LOG - data_transformation - INFO : Outliers removed!!!
2024-05-15 13:16:44 - LOG - data_transformation - INFO : Outliers removed!!!
2024-05-15 13:16:44 - LOG - data_transformation - INFO : Replaced Null with mean for input numerical variables
2024-05-15 13:16:44 - LOG - data_transformation - INFO : Replaced Null with mean for Target Variable
2024-05-15 13:16:44 - LOG - utils - INFO : ordinal_onehot_numerical_divide done!!!
2024-05-15 13:16:44 - LOG - data_transformation - INFO : Categorical columns (one hot, ordinal mapping)  and numerical columns divided successfully
2024-05-15 13:16:44 - LOG - data_transformation - INFO : Empty values filled with mode successfully
2024-05-15 13:16:44 - LOG - data_transformation - INFO : Empty values filled with mode successfully
2024-05-15 13:16:44 - LOG - data_transformation - INFO : Categories created successfully!!!
2024-05-15 13:16:44 - LOG - data_transformation - ERROR : Error in get_data_transformation_object
2024-05-15 13:16:44 - LOG - data_transformation - ERROR : Error occured while initiating the data transformation process: Error occured in python script name [c:\users\abhishdutta\desktop\prd projects\ibm watsonx\generalized model development\src\components\data_transformation.py] line number [51] error message [__init__() got an unexpected keyword argument 'sparse']
